<?xml version="1.0" encoding="UTF-8"?>
<!-- Generated by org.testng.reporters.JUnitXMLReporter -->
<testsuite ignored="0" hostname="HYDPCM581971L" failures="0" tests="9" name="Test" time="8.422" errors="0" timestamp="2024-07-16T12:35:56 IST">
  <testcase classname="api.testsDetails.TestPetEndpoints_DataDrivenTesting" name="testAddPettoStore" time="2.994"/>
  <testcase classname="api.testsDetails.TestPetEndpoints_DataDrivenTesting" name="testAddPettoStore" time="0.491"/>
  <testcase classname="api.testsDetails.TestPetEndpoints_DataDrivenTesting" name="testAddPettoStore" time="0.536"/>
  <testcase classname="api.testsDetails.TestPetEndpoints_DataDrivenTesting" name="testGetPetDetails" time="0.497"/>
  <testcase classname="api.testsDetails.TestPetEndpoints_DataDrivenTesting" name="testGetPetDetails" time="0.52"/>
  <testcase classname="api.testsDetails.TestPetEndpoints_DataDrivenTesting" name="testGetPetDetails" time="0.46"/>
  <testcase classname="api.testsDetails.TestPetEndpoints_DataDrivenTesting" name="testupdatePetDetails" time="0.459"/>
  <testcase classname="api.testsDetails.TestPetEndpoints_DataDrivenTesting" name="testupdatePetDetails" time="0.476"/>
  <testcase classname="api.testsDetails.TestPetEndpoints_DataDrivenTesting" name="testupdatePetDetails" time="0.462"/>
</testsuite> <!-- Test -->
