<?xml version="1.0" encoding="UTF-8"?>
<testsuite xmlns:xsi="http://www.w3.org/2001/XMLSchema-instance" xsi:noNamespaceSchemaLocation="https://maven.apache.org/surefire/maven-surefire-plugin/xsd/surefire-test-report.xsd" version="3.0.2" name="TestSuite" time="9.224" tests="9" errors="0" skipped="0" failures="0">
  <properties>
[...]
</properties>
  <testcase name="testAddPettoStore[1586, pending](1)" classname="api.testsDetails.TestPetEndpoints_DataDrivenTesting" time="3.007">
    <system-out><![CDATA[petId printing from POST api :1586
{
    "id": 1586,
    "photoUrls": [
        
    ],
    "tags": [
        
    ],
    "status": "pending"
}
]]></system-out>
    <system-err><![CDATA[SLF4J: Failed to load class "org.slf4j.impl.StaticLoggerBinder".
SLF4J: Defaulting to no-operation (NOP) logger implementation
SLF4J: See http://www.slf4j.org/codes.html#StaticLoggerBinder for further details.
]]></system-err>
  </testcase>
  <testcase name="testAddPettoStore[1523, pending](2)" classname="api.testsDetails.TestPetEndpoints_DataDrivenTesting" time="0.488">
    <system-out><![CDATA[petId printing from POST api :1523
{
    "id": 1523,
    "photoUrls": [
        
    ],
    "tags": [
        
    ],
    "status": "pending"
}
]]></system-out>
  </testcase>
  <testcase name="testAddPettoStore[1561, pending](3)" classname="api.testsDetails.TestPetEndpoints_DataDrivenTesting" time="0.537">
    <system-out><![CDATA[petId printing from POST api :1561
{
    "id": 1561,
    "photoUrls": [
        
    ],
    "tags": [
        
    ],
    "status": "pending"
}
]]></system-out>
  </testcase>
  <testcase name="testGetPetDetails[1586, pending](1)" classname="api.testsDetails.TestPetEndpoints_DataDrivenTesting" time="0.501">
    <system-out><![CDATA[petId printing from get API : 1586
{
    "id": 1586,
    "photoUrls": [
        
    ],
    "tags": [
        
    ],
    "status": "pending"
}
]]></system-out>
  </testcase>
  <testcase name="testGetPetDetails[1523, pending](2)" classname="api.testsDetails.TestPetEndpoints_DataDrivenTesting" time="0.517">
    <system-out><![CDATA[petId printing from get API : 1523
{
    "id": 1523,
    "photoUrls": [
        
    ],
    "tags": [
        
    ],
    "status": "pending"
}
]]></system-out>
  </testcase>
  <testcase name="testGetPetDetails[1561, pending](3)" classname="api.testsDetails.TestPetEndpoints_DataDrivenTesting" time="0.463">
    <system-out><![CDATA[petId printing from get API : 1561
{
    "id": 1561,
    "photoUrls": [
        
    ],
    "tags": [
        
    ],
    "status": "pending"
}
]]></system-out>
  </testcase>
  <testcase name="testupdatePetDetails[1586, pending](1)" classname="api.testsDetails.TestPetEndpoints_DataDrivenTesting" time="0.463">
    <system-out><![CDATA[petId printing from Update API : 1561
{
    "id": 1586,
    "photoUrls": [
        
    ],
    "tags": [
        
    ],
    "status": "Sold"
}
]]></system-out>
  </testcase>
  <testcase name="testupdatePetDetails[1523, pending](2)" classname="api.testsDetails.TestPetEndpoints_DataDrivenTesting" time="0.476">
    <system-out><![CDATA[petId printing from Update API : 1561
{
    "id": 1523,
    "photoUrls": [
        
    ],
    "tags": [
        
    ],
    "status": "Sold"
}
]]></system-out>
  </testcase>
  <testcase name="testupdatePetDetails[1561, pending](3)" classname="api.testsDetails.TestPetEndpoints_DataDrivenTesting" time="0.459">
    <system-out><![CDATA[petId printing from Update API : 1561
{
    "id": 1561,
    "photoUrls": [
        
    ],
    "tags": [
        
    ],
    "status": "Sold"
}
]]></system-out>
  </testcase>
</testsuite>