<?xml version="1.0" encoding="UTF-8"?>
<testng-results ignored="0" total="9" passed="9" failed="0" skipped="0">
  <reporter-output>
  </reporter-output>
  <suite started-at="2024-07-16T12:35:47 IST" name="Suite" finished-at="2024-07-16T12:35:56 IST" duration-ms="8422">
    <groups>
    </groups>
    <test started-at="2024-07-16T12:35:47 IST" name="Test" finished-at="2024-07-16T12:35:56 IST" duration-ms="8422">
      <class name="api.testsDetails.TestPetEndpoints_DataDrivenTesting">
        <test-method signature="testAddPettoStore(java.lang.String,java.lang.String)[pri:1, instance:api.testsDetails.TestPetEndpoints_DataDrivenTesting@291ae]" started-at="2024-07-16T12:35:48 IST" name="testAddPettoStore" data-provider="Data" finished-at="2024-07-16T12:35:51 IST" duration-ms="2994" status="PASS">
          <params>
            <param index="0">
              <value>
                <![CDATA[1586]]>
              </value>
            </param>
            <param index="1">
              <value>
                <![CDATA[pending]]>
              </value>
            </param>
          </params>
          <reporter-output>
          </reporter-output>
        </test-method> <!-- testAddPettoStore -->
        <test-method signature="testAddPettoStore(java.lang.String,java.lang.String)[pri:1, instance:api.testsDetails.TestPetEndpoints_DataDrivenTesting@291ae]" started-at="2024-07-16T12:35:51 IST" name="testAddPettoStore" data-provider="Data" finished-at="2024-07-16T12:35:52 IST" duration-ms="491" status="PASS">
          <params>
            <param index="0">
              <value>
                <![CDATA[1523]]>
              </value>
            </param>
            <param index="1">
              <value>
                <![CDATA[pending]]>
              </value>
            </param>
          </params>
          <reporter-output>
          </reporter-output>
        </test-method> <!-- testAddPettoStore -->
        <test-method signature="testAddPettoStore(java.lang.String,java.lang.String)[pri:1, instance:api.testsDetails.TestPetEndpoints_DataDrivenTesting@291ae]" started-at="2024-07-16T12:35:52 IST" name="testAddPettoStore" data-provider="Data" finished-at="2024-07-16T12:35:52 IST" duration-ms="536" status="PASS">
          <params>
            <param index="0">
              <value>
                <![CDATA[1561]]>
              </value>
            </param>
            <param index="1">
              <value>
                <![CDATA[pending]]>
              </value>
            </param>
          </params>
          <reporter-output>
          </reporter-output>
        </test-method> <!-- testAddPettoStore -->
        <test-method signature="testGetPetDetails(java.lang.String,java.lang.String)[pri:2, instance:api.testsDetails.TestPetEndpoints_DataDrivenTesting@291ae]" started-at="2024-07-16T12:35:53 IST" name="testGetPetDetails" data-provider="Data" finished-at="2024-07-16T12:35:53 IST" duration-ms="497" status="PASS">
          <params>
            <param index="0">
              <value>
                <![CDATA[1586]]>
              </value>
            </param>
            <param index="1">
              <value>
                <![CDATA[pending]]>
              </value>
            </param>
          </params>
          <reporter-output>
          </reporter-output>
        </test-method> <!-- testGetPetDetails -->
        <test-method signature="testGetPetDetails(java.lang.String,java.lang.String)[pri:2, instance:api.testsDetails.TestPetEndpoints_DataDrivenTesting@291ae]" started-at="2024-07-16T12:35:53 IST" name="testGetPetDetails" data-provider="Data" finished-at="2024-07-16T12:35:54 IST" duration-ms="520" status="PASS">
          <params>
            <param index="0">
              <value>
                <![CDATA[1523]]>
              </value>
            </param>
            <param index="1">
              <value>
                <![CDATA[pending]]>
              </value>
            </param>
          </params>
          <reporter-output>
          </reporter-output>
        </test-method> <!-- testGetPetDetails -->
        <test-method signature="testGetPetDetails(java.lang.String,java.lang.String)[pri:2, instance:api.testsDetails.TestPetEndpoints_DataDrivenTesting@291ae]" started-at="2024-07-16T12:35:54 IST" name="testGetPetDetails" data-provider="Data" finished-at="2024-07-16T12:35:54 IST" duration-ms="460" status="PASS">
          <params>
            <param index="0">
              <value>
                <![CDATA[1561]]>
              </value>
            </param>
            <param index="1">
              <value>
                <![CDATA[pending]]>
              </value>
            </param>
          </params>
          <reporter-output>
          </reporter-output>
        </test-method> <!-- testGetPetDetails -->
        <test-method signature="testupdatePetDetails(java.lang.String,java.lang.String)[pri:3, instance:api.testsDetails.TestPetEndpoints_DataDrivenTesting@291ae]" started-at="2024-07-16T12:35:54 IST" name="testupdatePetDetails" data-provider="Data" finished-at="2024-07-16T12:35:55 IST" duration-ms="459" status="PASS">
          <params>
            <param index="0">
              <value>
                <![CDATA[1586]]>
              </value>
            </param>
            <param index="1">
              <value>
                <![CDATA[pending]]>
              </value>
            </param>
          </params>
          <reporter-output>
          </reporter-output>
        </test-method> <!-- testupdatePetDetails -->
        <test-method signature="testupdatePetDetails(java.lang.String,java.lang.String)[pri:3, instance:api.testsDetails.TestPetEndpoints_DataDrivenTesting@291ae]" started-at="2024-07-16T12:35:55 IST" name="testupdatePetDetails" data-provider="Data" finished-at="2024-07-16T12:35:55 IST" duration-ms="476" status="PASS">
          <params>
            <param index="0">
              <value>
                <![CDATA[1523]]>
              </value>
            </param>
            <param index="1">
              <value>
                <![CDATA[pending]]>
              </value>
            </param>
          </params>
          <reporter-output>
          </reporter-output>
        </test-method> <!-- testupdatePetDetails -->
        <test-method signature="testupdatePetDetails(java.lang.String,java.lang.String)[pri:3, instance:api.testsDetails.TestPetEndpoints_DataDrivenTesting@291ae]" started-at="2024-07-16T12:35:55 IST" name="testupdatePetDetails" data-provider="Data" finished-at="2024-07-16T12:35:56 IST" duration-ms="462" status="PASS">
          <params>
            <param index="0">
              <value>
                <![CDATA[1561]]>
              </value>
            </param>
            <param index="1">
              <value>
                <![CDATA[pending]]>
              </value>
            </param>
          </params>
          <reporter-output>
          </reporter-output>
        </test-method> <!-- testupdatePetDetails -->
      </class> <!-- api.testsDetails.TestPetEndpoints_DataDrivenTesting -->
    </test> <!-- Test -->
  </suite> <!-- Suite -->
</testng-results>
